<?xml version="1.0" encoding="UTF-8"?>
<testng-results skipped="2" failed="0" total="2" passed="0">
  <reporter-output>
  </reporter-output>
  <suite name="Default suite" duration-ms="18822" started-at="2020-06-24T10:11:18Z" finished-at="2020-06-24T10:11:37Z">
    <groups>
    </groups>
    <test name="Default test" duration-ms="18822" started-at="2020-06-24T10:11:18Z" finished-at="2020-06-24T10:11:37Z">
      <class name="com.crm.qa.testcases.ContactsPageTest">
        <test-method status="FAIL" signature="setup()[pri:0, instance:com.crm.qa.testcases.ContactsPageTest@622aad2f]" name="setup" is-config="true" duration-ms="0" started-at="2020-06-24T15:41:18Z" finished-at="2020-06-24T15:41:18Z">
          <exception class="java.lang.NullPointerException">
            <full-stacktrace>
              <![CDATA[java.lang.NullPointerException
	at com.crm.qa.testcases.ContactsPageTest.setup(ContactsPageTest.java:30)
	at sun.reflect.NativeMethodAccessorImpl.invoke0(Native Method)
	at sun.reflect.NativeMethodAccessorImpl.invoke(NativeMethodAccessorImpl.java:62)
	at sun.reflect.DelegatingMethodAccessorImpl.invoke(DelegatingMethodAccessorImpl.java:43)
	at java.lang.reflect.Method.invoke(Method.java:498)
	at org.testng.internal.MethodInvocationHelper.invokeMethod(MethodInvocationHelper.java:80)
	at org.testng.internal.Invoker.invokeConfigurationMethod(Invoker.java:564)
	at org.testng.internal.Invoker.invokeConfigurations(Invoker.java:213)
	at org.testng.internal.Invoker.invokeMethod(Invoker.java:653)
	at org.testng.internal.Invoker.invokeTestMethod(Invoker.java:901)
	at org.testng.internal.Invoker.invokeTestMethods(Invoker.java:1231)
	at org.testng.internal.TestMethodWorker.invokeTestMethods(TestMethodWorker.java:127)
	at org.testng.internal.TestMethodWorker.run(TestMethodWorker.java:111)
	at org.testng.TestRunner.privateRun(TestRunner.java:767)
	at org.testng.TestRunner.run(TestRunner.java:617)
	at org.testng.SuiteRunner.runTest(SuiteRunner.java:334)
	at org.testng.SuiteRunner.runSequentially(SuiteRunner.java:329)
	at org.testng.SuiteRunner.privateRun(SuiteRunner.java:291)
	at org.testng.SuiteRunner.run(SuiteRunner.java:240)
	at org.testng.SuiteRunnerWorker.runSuite(SuiteRunnerWorker.java:52)
	at org.testng.SuiteRunnerWorker.run(SuiteRunnerWorker.java:86)
	at org.testng.TestNG.runSuitesSequentially(TestNG.java:1198)
	at org.testng.TestNG.runSuitesLocally(TestNG.java:1123)
	at org.testng.TestNG.run(TestNG.java:1031)
	at org.testng.remote.AbstractRemoteTestNG.run(AbstractRemoteTestNG.java:115)
	at org.testng.remote.RemoteTestNG.initAndRun(RemoteTestNG.java:251)
	at org.testng.remote.RemoteTestNG.main(RemoteTestNG.java:77)
]]>
            </full-stacktrace>
          </exception> <!-- java.lang.NullPointerException -->
          <reporter-output>
          </reporter-output>
        </test-method> <!-- setup -->
        <test-method status="SKIP" signature="verifyContactsTextTest()[pri:0, instance:com.crm.qa.testcases.ContactsPageTest@622aad2f]" name="verifyContactsTextTest" duration-ms="5" started-at="2020-06-24T15:41:37Z" finished-at="2020-06-24T15:41:37Z">
          <reporter-output>
          </reporter-output>
        </test-method> <!-- verifyContactsTextTest -->
        <test-method status="SKIP" signature="teardown()[pri:0, instance:com.crm.qa.testcases.ContactsPageTest@622aad2f]" name="teardown" is-config="true" duration-ms="0" started-at="2020-06-24T15:41:37Z" finished-at="2020-06-24T15:41:37Z">
          <reporter-output>
          </reporter-output>
        </test-method> <!-- teardown -->
        <test-method status="SKIP" signature="setup()[pri:0, instance:com.crm.qa.testcases.ContactsPageTest@622aad2f]" name="setup" is-config="true" duration-ms="0" started-at="2020-06-24T15:41:37Z" finished-at="2020-06-24T15:41:37Z">
          <reporter-output>
          </reporter-output>
        </test-method> <!-- setup -->
        <test-method status="SKIP" signature="validateCreateNewContact()[pri:0, instance:com.crm.qa.testcases.ContactsPageTest@622aad2f]" name="validateCreateNewContact" duration-ms="4" started-at="2020-06-24T15:41:37Z" finished-at="2020-06-24T15:41:37Z">
          <reporter-output>
          </reporter-output>
        </test-method> <!-- validateCreateNewContact -->
        <test-method status="SKIP" signature="teardown()[pri:0, instance:com.crm.qa.testcases.ContactsPageTest@622aad2f]" name="teardown" is-config="true" duration-ms="0" started-at="2020-06-24T15:41:37Z" finished-at="2020-06-24T15:41:37Z">
          <reporter-output>
          </reporter-output>
        </test-method> <!-- teardown -->
      </class> <!-- com.crm.qa.testcases.ContactsPageTest -->
    </test> <!-- Default test -->
  </suite> <!-- Default suite -->
</testng-results>
